<?xml version="1.0" encoding="UTF-8"?>
<testng-results skipped="0" failed="1" total="3" passed="2">
  <reporter-output>
  </reporter-output>
  <suite name="Suite" duration-ms="83488" started-at="2019-03-31T08:11:46Z" finished-at="2019-03-31T08:13:09Z">
    <groups>
    </groups>
    <test name="Test" duration-ms="19545" started-at="2019-03-31T08:11:46Z" finished-at="2019-03-31T08:12:05Z">
      <class name="TestngParallel.TestSuite">
        <test-method status="PASS" signature="open_browser_and_launch_google(java.lang.String)[pri:0, instance:TestngParallel.TestSuite@bfbc86]" name="open_browser_and_launch_google" is-config="true" duration-ms="14011" started-at="2019-03-31T13:41:46Z" finished-at="2019-03-31T13:42:00Z">
          <params>
            <param index="0">
              <value>
                <![CDATA[chrome]]>
              </value>
            </param>
          </params>
          <reporter-output>
          </reporter-output>
        </test-method> <!-- open_browser_and_launch_google -->
        <test-method status="PASS" signature="type()[pri:0, instance:TestngParallel.TestSuite@bfbc86]" name="type" duration-ms="4338" started-at="2019-03-31T13:42:00Z" finished-at="2019-03-31T13:42:04Z">
          <reporter-output>
          </reporter-output>
        </test-method> <!-- type -->
        <test-method status="PASS" signature="close_the_browser()[pri:0, instance:TestngParallel.TestSuite@bfbc86]" name="close_the_browser" is-config="true" duration-ms="1108" started-at="2019-03-31T13:42:04Z" finished-at="2019-03-31T13:42:05Z">
          <reporter-output>
          </reporter-output>
        </test-method> <!-- close_the_browser -->
      </class> <!-- TestngParallel.TestSuite -->
    </test> <!-- Test -->
    <test name="Test1" duration-ms="35911" started-at="2019-03-31T08:11:46Z" finished-at="2019-03-31T08:12:22Z">
      <class name="TestngParallel.TestSuite">
        <test-method status="PASS" signature="open_browser_and_launch_google(java.lang.String)[pri:0, instance:TestngParallel.TestSuite@1c6f14e]" name="open_browser_and_launch_google" is-config="true" duration-ms="35209" started-at="2019-03-31T13:41:46Z" finished-at="2019-03-31T13:42:21Z">
          <params>
            <param index="0">
              <value>
                <![CDATA[ie]]>
              </value>
            </param>
          </params>
          <reporter-output>
          </reporter-output>
        </test-method> <!-- open_browser_and_launch_google -->
        <test-method status="FAIL" signature="type()[pri:0, instance:TestngParallel.TestSuite@1c6f14e]" name="type" duration-ms="94" started-at="2019-03-31T13:42:21Z" finished-at="2019-03-31T13:42:21Z">
          <exception class="org.openqa.selenium.NoSuchWindowException">
            <message>
              <![CDATA[Currently focused window has been closed.
Build info: version: '3.9.1', revision: '63f7b50', time: '2018-02-07T22:42:22.379Z'
System info: host: 'USER-PC', ip: '192.168.1.2', os.name: 'Windows 7', os.arch: 'x86', os.version: '6.1', java.version: '1.8.0_161'
Driver info: org.openqa.selenium.ie.InternetExplorerDriver
Capabilities {acceptInsecureCerts: false, browserName: internet explorer, browserVersion: 8, javascriptEnabled: true, pageLoadStrategy: normal, platform: WINDOWS, platformName: WINDOWS, proxy: Proxy(), se:ieOptions: {browserAttachTimeout: 0, elementScrollBehavior: 0, enablePersistentHover: true, ie.browserCommandLineSwitches: , ie.ensureCleanSession: false, ie.fileUploadDialogTimeout: 3000, ie.forceCreateProcessApi: false, ignoreProtectedModeSettings: false, ignoreZoomSetting: false, initialBrowserUrl: http://localhost:1495/, nativeEvents: true, requireWindowFocus: false}, setWindowRect: true, timeouts: {implicit: 0, pageLoad: 300000, script: 30000}, unhandledPromptBehavior: dismiss and notify}
Session ID: 20c1b31e-25da-49c7-95e7-6b6bf589849a
*** Element info: {Using=xpath, value=//input[@name='q']}]]>
            </message>
            <full-stacktrace>
              <![CDATA[org.openqa.selenium.NoSuchWindowException: Currently focused window has been closed.
Build info: version: '3.9.1', revision: '63f7b50', time: '2018-02-07T22:42:22.379Z'
System info: host: 'USER-PC', ip: '192.168.1.2', os.name: 'Windows 7', os.arch: 'x86', os.version: '6.1', java.version: '1.8.0_161'
Driver info: org.openqa.selenium.ie.InternetExplorerDriver
Capabilities {acceptInsecureCerts: false, browserName: internet explorer, browserVersion: 8, javascriptEnabled: true, pageLoadStrategy: normal, platform: WINDOWS, platformName: WINDOWS, proxy: Proxy(), se:ieOptions: {browserAttachTimeout: 0, elementScrollBehavior: 0, enablePersistentHover: true, ie.browserCommandLineSwitches: , ie.ensureCleanSession: false, ie.fileUploadDialogTimeout: 3000, ie.forceCreateProcessApi: false, ignoreProtectedModeSettings: false, ignoreZoomSetting: false, initialBrowserUrl: http://localhost:1495/, nativeEvents: true, requireWindowFocus: false}, setWindowRect: true, timeouts: {implicit: 0, pageLoad: 300000, script: 30000}, unhandledPromptBehavior: dismiss and notify}
Session ID: 20c1b31e-25da-49c7-95e7-6b6bf589849a
*** Element info: {Using=xpath, value=//input[@name='q']}
	at sun.reflect.NativeConstructorAccessorImpl.newInstance0(Native Method)
	at sun.reflect.NativeConstructorAccessorImpl.newInstance(NativeConstructorAccessorImpl.java:62)
	at sun.reflect.DelegatingConstructorAccessorImpl.newInstance(DelegatingConstructorAccessorImpl.java:45)
	at java.lang.reflect.Constructor.newInstance(Constructor.java:423)
	at org.openqa.selenium.remote.http.W3CHttpResponseCodec.createException(W3CHttpResponseCodec.java:187)
	at org.openqa.selenium.remote.http.W3CHttpResponseCodec.decode(W3CHttpResponseCodec.java:122)
	at org.openqa.selenium.remote.http.W3CHttpResponseCodec.decode(W3CHttpResponseCodec.java:49)
	at org.openqa.selenium.remote.HttpCommandExecutor.execute(HttpCommandExecutor.java:160)
	at org.openqa.selenium.remote.service.DriverCommandExecutor.execute(DriverCommandExecutor.java:83)
	at org.openqa.selenium.remote.RemoteWebDriver.execute(RemoteWebDriver.java:601)
	at org.openqa.selenium.remote.RemoteWebDriver.findElement(RemoteWebDriver.java:371)
	at org.openqa.selenium.remote.RemoteWebDriver.findElementByXPath(RemoteWebDriver.java:473)
	at org.openqa.selenium.By$ByXPath.findElement(By.java:361)
	at org.openqa.selenium.remote.RemoteWebDriver.findElement(RemoteWebDriver.java:363)
	at TestngParallel.TestSuite.type(TestSuite.java:39)
	at sun.reflect.NativeMethodAccessorImpl.invoke0(Native Method)
	at sun.reflect.NativeMethodAccessorImpl.invoke(NativeMethodAccessorImpl.java:62)
	at sun.reflect.DelegatingMethodAccessorImpl.invoke(DelegatingMethodAccessorImpl.java:43)
	at java.lang.reflect.Method.invoke(Method.java:498)
	at org.testng.internal.MethodInvocationHelper.invokeMethod(MethodInvocationHelper.java:86)
	at org.testng.internal.Invoker.invokeMethod(Invoker.java:643)
	at org.testng.internal.Invoker.invokeTestMethod(Invoker.java:820)
	at org.testng.internal.Invoker.invokeTestMethods(Invoker.java:1128)
	at org.testng.internal.TestMethodWorker.invokeTestMethods(TestMethodWorker.java:129)
	at org.testng.internal.TestMethodWorker.run(TestMethodWorker.java:112)
	at org.testng.TestRunner.privateRun(TestRunner.java:782)
	at org.testng.TestRunner.run(TestRunner.java:632)
	at org.testng.SuiteRunner.runTest(SuiteRunner.java:366)
	at org.testng.SuiteRunner.access$000(SuiteRunner.java:39)
	at org.testng.SuiteRunner$SuiteWorker.run(SuiteRunner.java:400)
	at org.testng.internal.thread.ThreadUtil$2.call(ThreadUtil.java:64)
	at java.util.concurrent.FutureTask.run(FutureTask.java:266)
	at java.util.concurrent.ThreadPoolExecutor.runWorker(ThreadPoolExecutor.java:1149)
	at java.util.concurrent.ThreadPoolExecutor$Worker.run(ThreadPoolExecutor.java:624)
	at java.lang.Thread.run(Thread.java:748)
]]>
            </full-stacktrace>
          </exception> <!-- org.openqa.selenium.NoSuchWindowException -->
          <reporter-output>
          </reporter-output>
        </test-method> <!-- type -->
        <test-method status="PASS" signature="close_the_browser()[pri:0, instance:TestngParallel.TestSuite@1c6f14e]" name="close_the_browser" is-config="true" duration-ms="562" started-at="2019-03-31T13:42:21Z" finished-at="2019-03-31T13:42:22Z">
          <reporter-output>
          </reporter-output>
        </test-method> <!-- close_the_browser -->
      </class> <!-- TestngParallel.TestSuite -->
    </test> <!-- Test1 -->
    <test name="Test2" duration-ms="83488" started-at="2019-03-31T08:11:46Z" finished-at="2019-03-31T08:13:09Z">
      <class name="TestngParallel.TestSuite">
        <test-method status="PASS" signature="open_browser_and_launch_google(java.lang.String)[pri:0, instance:TestngParallel.TestSuite@7740a2]" name="open_browser_and_launch_google" is-config="true" duration-ms="76774" started-at="2019-03-31T13:41:46Z" finished-at="2019-03-31T13:43:02Z">
          <params>
            <param index="0">
              <value>
                <![CDATA[firefox]]>
              </value>
            </param>
          </params>
          <reporter-output>
          </reporter-output>
        </test-method> <!-- open_browser_and_launch_google -->
        <test-method status="PASS" signature="type()[pri:0, instance:TestngParallel.TestSuite@7740a2]" name="type" duration-ms="3448" started-at="2019-03-31T13:43:02Z" finished-at="2019-03-31T13:43:06Z">
          <reporter-output>
          </reporter-output>
        </test-method> <!-- type -->
        <test-method status="PASS" signature="close_the_browser()[pri:0, instance:TestngParallel.TestSuite@7740a2]" name="close_the_browser" is-config="true" duration-ms="3235" started-at="2019-03-31T13:43:06Z" finished-at="2019-03-31T13:43:09Z">
          <reporter-output>
          </reporter-output>
        </test-method> <!-- close_the_browser -->
      </class> <!-- TestngParallel.TestSuite -->
    </test> <!-- Test2 -->
  </suite> <!-- Suite -->
</testng-results>
